<?xml version="1.0" encoding="UTF-8"?>
<!-- Generated by org.testng.reporters.JUnitReportReporter -->
<testsuite hostname="DESKTOP-I0U4D16" failures="0" tests="3" name="com.Axos.appium.FlashCardMaker" time="2.837" errors="0" timestamp="2025-11-13T09:08:59 EET" skipped="0">
  <testcase classname="com.Axos.appium.FlashCardMaker" name="clickFlashCardMaker" time="1.281"/>
  <testcase classname="com.Axos.appium.FlashCardMaker" name="addFlashcard" time="0.810"/>
  <testcase classname="com.Axos.appium.FlashCardMaker" name="clickCreateStackNullStackName" time="0.746"/>
</testsuite> <!-- com.Axos.appium.FlashCardMaker -->
