<?xml version="1.0" encoding="UTF-8"?>
<!-- Generated by org.testng.reporters.JUnitXMLReporter -->
<testsuite ignored="0" hostname="DESKTOP-I0U4D16" failures="0" tests="20" name="Default test" time="0.929" errors="0" timestamp="2025-11-14T18:54:23 EET">
  <testcase classname="com.Axos.appiumTest.TestBaseAppium" name="@BeforeTest setUp" time="0.735">
    <failure type="org.openqa.selenium.SessionNotCreatedException" message="Could not start a new session. Possible causes are invalid address of the remote server or browser start-up failure. 
Host info: host: &amp;apos;DESKTOP-I0U4D16&amp;apos;, ip: &amp;apos;10.133.114.31&amp;apos;">
      <![CDATA[org.openqa.selenium.SessionNotCreatedException: Could not start a new session. Possible causes are invalid address of the remote server or browser start-up failure. 
Host info: host: 'DESKTOP-I0U4D16', ip: '10.133.114.31'
at org.openqa.selenium.remote.RemoteWebDriver.execute(RemoteWebDriver.java:620)
at io.appium.java_client.AppiumDriver.startSession(AppiumDriver.java:274)
at org.openqa.selenium.remote.RemoteWebDriver.<init>(RemoteWebDriver.java:163)
at io.appium.java_client.AppiumDriver.<init>(AppiumDriver.java:89)
at io.appium.java_client.AppiumDriver.<init>(AppiumDriver.java:101)
at io.appium.java_client.android.AndroidDriver.<init>(AndroidDriver.java:113)
at com.Axos.appiumTest.TestBaseAppium.setUp(TestBaseAppium.java:22)
at java.base/jdk.internal.reflect.DirectMethodHandleAccessor.invoke(DirectMethodHandleAccessor.java:103)
at java.base/java.lang.reflect.Method.invoke(Method.java:580)
at org.testng.internal.invokers.MethodInvocationHelper.invokeMethod(MethodInvocationHelper.java:141)
at org.testng.internal.invokers.MethodInvocationHelper.invokeMethodConsideringTimeout(MethodInvocationHelper.java:71)
at org.testng.internal.invokers.ConfigInvoker.invokeConfigurationMethod(ConfigInvoker.java:400)
at org.testng.internal.invokers.ConfigInvoker.invokeConfigurations(ConfigInvoker.java:333)
at org.testng.TestRunner.invokeTestConfigurations(TestRunner.java:657)
at org.testng.TestRunner.beforeRun(TestRunner.java:646)
at org.testng.TestRunner.run(TestRunner.java:612)
at org.testng.SuiteRunner.runTest(SuiteRunner.java:421)
at org.testng.SuiteRunner.runSequentially(SuiteRunner.java:413)
at org.testng.SuiteRunner.privateRun(SuiteRunner.java:373)
at org.testng.SuiteRunner.run(SuiteRunner.java:312)
at org.testng.SuiteRunnerWorker.runSuite(SuiteRunnerWorker.java:52)
at org.testng.SuiteRunnerWorker.run(SuiteRunnerWorker.java:95)
at org.testng.TestNG.runSuitesSequentially(TestNG.java:1274)
at org.testng.TestNG.runSuitesLocally(TestNG.java:1208)
at org.testng.TestNG.runSuites(TestNG.java:1112)
at org.testng.TestNG.run(TestNG.java:1079)
at org.testng.remote.AbstractRemoteTestNG.run(AbstractRemoteTestNG.java:115)
at org.testng.remote.RemoteTestNG.initAndRun(RemoteTestNG.java:293)
at org.testng.remote.RemoteTestNG.main(RemoteTestNG.java:91)
Caused by: org.openqa.selenium.WebDriverException: Connection refused: getsockopt
Build info: version: '4.13.0', revision: 'ba948ece5b*'
System info: os.name: 'Windows 11', os.arch: 'amd64', os.version: '10.0', java.version: '21.0.8'
Driver info: driver.version: AndroidDriver
at io.appium.java_client.remote.AppiumCommandExecutor.lambda$execute$4(AppiumCommandExecutor.java:262)
at java.base/java.util.Optional.orElseGet(Optional.java:364)
at io.appium.java_client.remote.AppiumCommandExecutor.execute(AppiumCommandExecutor.java:261)
at org.openqa.selenium.remote.RemoteWebDriver.execute(RemoteWebDriver.java:602)
... 28 more
Caused by: java.net.ConnectException: Connection refused: getsockopt
at java.base/sun.nio.ch.Net.pollConnect(Native Method)
at java.base/sun.nio.ch.Net.pollConnectNow(Net.java:682)
at java.base/sun.nio.ch.SocketChannelImpl.finishConnect(SocketChannelImpl.java:973)
at io.netty.channel.socket.nio.NioSocketChannel.doFinishConnect(NioSocketChannel.java:337)
at io.netty.channel.nio.AbstractNioChannel$AbstractNioUnsafe.finishConnect(AbstractNioChannel.java:334)
at io.netty.channel.nio.NioEventLoop.processSelectedKey(NioEventLoop.java:776)
at io.netty.channel.nio.NioEventLoop.processSelectedKeysOptimized(NioEventLoop.java:724)
at io.netty.channel.nio.NioEventLoop.processSelectedKeys(NioEventLoop.java:650)
at io.netty.channel.nio.NioEventLoop.run(NioEventLoop.java:562)
at io.netty.util.concurrent.SingleThreadEventExecutor$4.run(SingleThreadEventExecutor.java:997)
at io.netty.util.internal.ThreadExecutorMap$2.run(ThreadExecutorMap.java:74)
at io.netty.util.concurrent.FastThreadLocalRunnable.run(FastThreadLocalRunnable.java:30)
at java.base/java.lang.Thread.run(Thread.java:1583)
]]>
    </failure>
  </testcase> <!-- @BeforeTest setUp -->
  <testcase classname="com.Axos.appiumTest.TestFlashCardMaker" name="@BeforeTest SetTesting" time="0.0">
    <skipped/>
  </testcase> <!-- @BeforeTest SetTesting -->
  <testcase classname="com.Axos.appiumTest.TestBaseAppium" name="@AfterTest teardown" time="0.0">
    <skipped/>
  </testcase> <!-- @AfterTest teardown -->
  <testcase classname="com.Axos.appiumTest.TestFlashCardMaker" name="clickFlashCardMaker" time="0.0">
    <skipped/>
  </testcase> <!-- clickFlashCardMaker -->
  <testcase classname="com.Axos.appiumTest.TestFlashCardMaker" name="addFlashcard" time="0.0">
    <skipped/>
  </testcase> <!-- addFlashcard -->
  <testcase classname="com.Axos.appiumTest.TestFlashCardMaker" name="clickCreateStackNullStackName" time="0.0">
    <skipped/>
  </testcase> <!-- clickCreateStackNullStackName -->
  <testcase classname="com.Axos.appiumTest.TestFlashCardMaker" name="clickCancel" time="0.0">
    <skipped/>
  </testcase> <!-- clickCancel -->
  <testcase classname="com.Axos.appiumTest.TestFlashCardMaker" name="TypeStackName" time="0.0">
    <skipped/>
  </testcase> <!-- TypeStackName -->
  <testcase classname="com.Axos.appiumTest.TestFlashCardMaker" name="correctFillPageRedirection" time="0.0">
    <skipped/>
  </testcase> <!-- correctFillPageRedirection -->
  <testcase classname="com.Axos.appiumTest.TestFlashCardMaker" name="questionFieldAudiibility" time="0.001">
    <skipped/>
  </testcase> <!-- questionFieldAudiibility -->
  <testcase classname="com.Axos.appiumTest.TestFlashCardMaker" name="answerfieldAudibibty" time="0.0">
    <skipped/>
  </testcase> <!-- answerfieldAudibibty -->
  <testcase classname="com.Axos.appiumTest.TestFlashCardMaker" name="clickSaveAfterFilling" time="0.0">
    <skipped/>
  </testcase> <!-- clickSaveAfterFilling -->
  <testcase classname="com.Axos.appiumTest.TestFlashCardMaker" name="clickSaveEmptyFields" time="0.0">
    <skipped/>
  </testcase> <!-- clickSaveEmptyFields -->
  <testcase classname="com.Axos.appiumTest.TestFlashCardMaker" name="clickContinueEditing" time="0.0">
    <skipped/>
  </testcase> <!-- clickContinueEditing -->
  <testcase classname="com.Axos.appiumTest.TestFlashCardMaker" name="addingDuplicateFlashCards" time="0.0">
    <skipped/>
  </testcase> <!-- addingDuplicateFlashCards -->
  <testcase classname="com.Axos.appiumTest.TestFlashCardMaker" name="getImageList" time="0.0">
    <skipped/>
  </testcase> <!-- getImageList -->
  <testcase classname="com.Axos.appiumTest.TestFlashCardMaker" name="checkPreviousArrowFunction" time="0.0">
    <skipped/>
  </testcase> <!-- checkPreviousArrowFunction -->
  <testcase classname="com.Axos.appiumTest.TestFlashCardMaker" name="checkNextArrowFunction" time="0.0">
    <skipped/>
  </testcase> <!-- checkNextArrowFunction -->
  <testcase classname="com.Axos.appiumTest.TestFlashCardMaker" name="deletemessageDisplaying" time="0.0">
    <skipped/>
  </testcase> <!-- deletemessageDisplaying -->
  <testcase classname="com.Axos.appiumTest.TestFlashCardMaker" name="deleteCardfunction" time="0.0">
    <skipped/>
  </testcase> <!-- deleteCardfunction -->
  <testcase classname="com.Axos.appiumTest.TestFlashCardMaker" name="checkingXbuttonFunction" time="0.0">
    <skipped/>
  </testcase> <!-- checkingXbuttonFunction -->
  <testcase classname="com.Axos.appiumTest.TestFlashCardMaker" name="addLongStackName" time="0.0">
    <skipped/>
  </testcase> <!-- addLongStackName -->
  <testcase classname="com.Axos.appiumTest.TestFlashCardMaker" name="addingGalleryimage" time="0.0">
    <skipped/>
  </testcase> <!-- addingGalleryimage -->
</testsuite> <!-- Default test -->
