<?xml version="1.0" encoding="UTF-8"?>
<testng-results ignored="0" total="1" passed="0" failed="1" skipped="0">
  <reporter-output>
  </reporter-output>
  <suite started-at="2025-11-17T12:05:29 EET" name="Default suite" finished-at="2025-11-17T12:06:03 EET" duration-ms="34577">
    <groups>
    </groups>
    <test started-at="2025-11-17T12:05:29 EET" name="Default test" finished-at="2025-11-17T12:06:03 EET" duration-ms="34577">
      <class name="learningTools.QA.FlashCardMethodsTest">
        <test-method is-config="true" signature="setUp()[pri:0, instance:learningTools.QA.FlashCardMethodsTest@71e9ddb4]" started-at="2025-11-17T12:05:29 EET" name="setUp" finished-at="2025-11-17T12:05:40 EET" duration-ms="11460" status="PASS">
          <reporter-output>
          </reporter-output>
        </test-method> <!-- setUp -->
        <test-method is-config="true" signature="TestSetup()[pri:0, instance:learningTools.QA.FlashCardMethodsTest@71e9ddb4]" started-at="2025-11-17T12:05:40 EET" name="TestSetup" finished-at="2025-11-17T12:05:40 EET" depends-on-methods="learningTools.QA.LearningToolsTestBase.setUp" duration-ms="24" status="PASS">
          <reporter-output>
          </reporter-output>
        </test-method> <!-- TestSetup -->
        <test-method signature="FlashCardMakerTest()[pri:0, instance:learningTools.QA.FlashCardMethodsTest@71e9ddb4]" started-at="2025-11-17T12:05:40 EET" name="FlashCardMakerTest" finished-at="2025-11-17T12:06:03 EET" duration-ms="23030" status="FAIL">
          <exception class="org.openqa.selenium.UnsupportedCommandException">
            <message>
              <![CDATA[{"value":{"error":"unknown method","message":"Method has not yet been implemented","stacktrace":"NotYetImplementedError: Method has not yet been implemented\n    at AndroidUiautomator2Driver.setAlertText (C:\\Users\\sohai\\AppData\\Local\\Programs\\Appium Server GUI\\resources\\app\\node_modules\\appium\\node_modules\\appium-android-driver\\lib\\commands\\alert.js:11:9)\n    at commandExecutor (C:\\Users\\sohai\\AppData\\Local\\Programs\\Appium Server GUI\\resources\\app\\node_modules\\appium\\node_modules\\appium-base-driver\\lib\\basedriver\\driver.js:335:9)\n    at C:\\Users\\sohai\\AppData\\Local\\Programs\\Appium Server GUI\\resources\\app\\node_modules\\appium\\node_modules\\async-lock\\lib\\index.js:146:12\n    at AsyncLock._promiseTry (C:\\Users\\sohai\\AppData\\Local\\Programs\\Appium Server GUI\\resources\\app\\node_modules\\appium\\node_modules\\async-lock\\lib\\index.js:280:31)\n    at exec (C:\\Users\\sohai\\AppData\\Local\\Programs\\Appium Server GUI\\resources\\app\\node_modules\\appium\\node_modules\\async-lock\\lib\\index.js:145:9)\n    at AsyncLock.acquire (C:\\Users\\sohai\\AppData\\Local\\Programs\\Appium Server GUI\\resources\\app\\node_modules\\appium\\node_modules\\async-lock\\lib\\index.js:162:3)\n    at AndroidUiautomator2Driver.executeCommand (C:\\Users\\sohai\\AppData\\Local\\Programs\\Appium Server GUI\\resources\\app\\node_modules\\appium\\node_modules\\appium-base-driver\\lib\\basedriver\\driver.js:348:39)\n    at AppiumDriver.executeCommand (C:\\Users\\sohai\\AppData\\Local\\Programs\\Appium Server GUI\\resources\\app\\node_modules\\appium\\lib\\appium.js:563:36)\n    at runMicrotasks (<anonymous>)\n    at processTicksAndRejections (internal/process/task_queues.js:97:5)\n    at asyncHandler (C:\\Users\\sohai\\AppData\\Local\\Programs\\Appium Server GUI\\resources\\app\\node_modules\\appium\\node_modules\\appium-base-driver\\lib\\protocol\\protocol.js:297:21)"}}
Command duration or timeout: 6 milliseconds
Build info: version: '4.38.0', revision: '6b412e825c*'
System info: os.name: 'Windows 11', os.arch: 'amd64', os.version: '10.0', java.version: '21.0.8'
Driver info: io.appium.java_client.android.AndroidDriver
Command: [508e49f0-bb88-40bb-97e4-84bbe489fdbb, setAlertValue {text=Appium Stack}]
Capabilities {appium:app: D:\Users\sohai\Documents\wo..., appium:appActivity: com.varsitytutors.learningt..., appium:appPackage: com.varsitytutors.learningt..., appium:appWaitActivity: *, appium:appWaitDuration: 20000, appium:automationName: UiAutomator2, appium:databaseEnabled: false, appium:desired: {app: D:\Users\sohai\Documents\wo..., appActivity: com.varsitytutors.learningt..., appPackage: com.varsitytutors.learningt..., appWaitActivity: *, appWaitDuration: 20000, automationName: UiAutomator2, deviceName: emulator-5554, platformName: ANDROID, platformVersion: 16}, appium:deviceApiLevel: 36, appium:deviceManufacturer: Google, appium:deviceModel: sdk_gphone64_x86_64, appium:deviceName: emulator-5554, appium:deviceScreenDensity: 440, appium:deviceScreenSize: 1080x2280, appium:deviceUDID: emulator-5554, appium:javascriptEnabled: true, appium:locationContextEnabled: false, appium:networkConnectionEnabled: true, appium:pixelRatio: 2.75, appium:platformVersion: 16, appium:statBarHeight: 83, appium:takesScreenshot: true, appium:viewportRect: {height: 2197, left: 0, top: 83, width: 1080}, appium:warnings: {}, appium:webStorageEnabled: false, platformName: ANDROID}
Session ID: 508e49f0-bb88-40bb-97e4-84bbe489fdbb]]>
            </message>
            <full-stacktrace>
              <![CDATA[org.openqa.selenium.UnsupportedCommandException: {"value":{"error":"unknown method","message":"Method has not yet been implemented","stacktrace":"NotYetImplementedError: Method has not yet been implemented\n    at AndroidUiautomator2Driver.setAlertText (C:\\Users\\sohai\\AppData\\Local\\Programs\\Appium Server GUI\\resources\\app\\node_modules\\appium\\node_modules\\appium-android-driver\\lib\\commands\\alert.js:11:9)\n    at commandExecutor (C:\\Users\\sohai\\AppData\\Local\\Programs\\Appium Server GUI\\resources\\app\\node_modules\\appium\\node_modules\\appium-base-driver\\lib\\basedriver\\driver.js:335:9)\n    at C:\\Users\\sohai\\AppData\\Local\\Programs\\Appium Server GUI\\resources\\app\\node_modules\\appium\\node_modules\\async-lock\\lib\\index.js:146:12\n    at AsyncLock._promiseTry (C:\\Users\\sohai\\AppData\\Local\\Programs\\Appium Server GUI\\resources\\app\\node_modules\\appium\\node_modules\\async-lock\\lib\\index.js:280:31)\n    at exec (C:\\Users\\sohai\\AppData\\Local\\Programs\\Appium Server GUI\\resources\\app\\node_modules\\appium\\node_modules\\async-lock\\lib\\index.js:145:9)\n    at AsyncLock.acquire (C:\\Users\\sohai\\AppData\\Local\\Programs\\Appium Server GUI\\resources\\app\\node_modules\\appium\\node_modules\\async-lock\\lib\\index.js:162:3)\n    at AndroidUiautomator2Driver.executeCommand (C:\\Users\\sohai\\AppData\\Local\\Programs\\Appium Server GUI\\resources\\app\\node_modules\\appium\\node_modules\\appium-base-driver\\lib\\basedriver\\driver.js:348:39)\n    at AppiumDriver.executeCommand (C:\\Users\\sohai\\AppData\\Local\\Programs\\Appium Server GUI\\resources\\app\\node_modules\\appium\\lib\\appium.js:563:36)\n    at runMicrotasks (<anonymous>)\n    at processTicksAndRejections (internal/process/task_queues.js:97:5)\n    at asyncHandler (C:\\Users\\sohai\\AppData\\Local\\Programs\\Appium Server GUI\\resources\\app\\node_modules\\appium\\node_modules\\appium-base-driver\\lib\\protocol\\protocol.js:297:21)"}}
Command duration or timeout: 6 milliseconds
Build info: version: '4.38.0', revision: '6b412e825c*'
System info: os.name: 'Windows 11', os.arch: 'amd64', os.version: '10.0', java.version: '21.0.8'
Driver info: io.appium.java_client.android.AndroidDriver
Command: [508e49f0-bb88-40bb-97e4-84bbe489fdbb, setAlertValue {text=Appium Stack}]
Capabilities {appium:app: D:\Users\sohai\Documents\wo..., appium:appActivity: com.varsitytutors.learningt..., appium:appPackage: com.varsitytutors.learningt..., appium:appWaitActivity: *, appium:appWaitDuration: 20000, appium:automationName: UiAutomator2, appium:databaseEnabled: false, appium:desired: {app: D:\Users\sohai\Documents\wo..., appActivity: com.varsitytutors.learningt..., appPackage: com.varsitytutors.learningt..., appWaitActivity: *, appWaitDuration: 20000, automationName: UiAutomator2, deviceName: emulator-5554, platformName: ANDROID, platformVersion: 16}, appium:deviceApiLevel: 36, appium:deviceManufacturer: Google, appium:deviceModel: sdk_gphone64_x86_64, appium:deviceName: emulator-5554, appium:deviceScreenDensity: 440, appium:deviceScreenSize: 1080x2280, appium:deviceUDID: emulator-5554, appium:javascriptEnabled: true, appium:locationContextEnabled: false, appium:networkConnectionEnabled: true, appium:pixelRatio: 2.75, appium:platformVersion: 16, appium:statBarHeight: 83, appium:takesScreenshot: true, appium:viewportRect: {height: 2197, left: 0, top: 83, width: 1080}, appium:warnings: {}, appium:webStorageEnabled: false, platformName: ANDROID}
Session ID: 508e49f0-bb88-40bb-97e4-84bbe489fdbb
at java.base/jdk.internal.reflect.DirectConstructorHandleAccessor.newInstance(DirectConstructorHandleAccessor.java:62)
at java.base/java.lang.reflect.Constructor.newInstanceWithCaller(Constructor.java:502)
at java.base/java.lang.reflect.Constructor.newInstance(Constructor.java:486)
at org.openqa.selenium.remote.ErrorHandler.createThrowable(ErrorHandler.java:221)
at org.openqa.selenium.remote.ErrorHandler.throwIfResponseFailed(ErrorHandler.java:170)
at org.openqa.selenium.remote.RemoteWebDriver.execute(RemoteWebDriver.java:614)
at org.openqa.selenium.remote.RemoteWebDriver$RemoteAlert.sendKeys(RemoteWebDriver.java:1230)
at learningTools.QA.FlashCardMethods.switchToAlertMethod(FlashCardMethods.java:45)
at learningTools.QA.FlashCardMethodsTest.FlashCardMakerTest(FlashCardMethodsTest.java:67)
at java.base/jdk.internal.reflect.DirectMethodHandleAccessor.invoke(DirectMethodHandleAccessor.java:103)
at java.base/java.lang.reflect.Method.invoke(Method.java:580)
at org.testng.internal.invokers.MethodInvocationHelper.invokeMethod(MethodInvocationHelper.java:141)
at org.testng.internal.invokers.TestInvoker.invokeMethod(TestInvoker.java:687)
at org.testng.internal.invokers.TestInvoker.invokeTestMethod(TestInvoker.java:230)
at org.testng.internal.invokers.MethodRunner.runInSequence(MethodRunner.java:63)
at org.testng.internal.invokers.TestInvoker$MethodInvocationAgent.invoke(TestInvoker.java:995)
at org.testng.internal.invokers.TestInvoker.invokeTestMethods(TestInvoker.java:203)
at org.testng.internal.invokers.TestMethodWorker.invokeTestMethods(TestMethodWorker.java:154)
at org.testng.internal.invokers.TestMethodWorker.run(TestMethodWorker.java:134)
at java.base/java.util.ArrayList.forEach(ArrayList.java:1596)
at org.testng.TestRunner.privateRun(TestRunner.java:741)
at org.testng.TestRunner.run(TestRunner.java:616)
at org.testng.SuiteRunner.runTest(SuiteRunner.java:421)
at org.testng.SuiteRunner.runSequentially(SuiteRunner.java:413)
at org.testng.SuiteRunner.privateRun(SuiteRunner.java:373)
at org.testng.SuiteRunner.run(SuiteRunner.java:312)
at org.testng.SuiteRunnerWorker.runSuite(SuiteRunnerWorker.java:52)
at org.testng.SuiteRunnerWorker.run(SuiteRunnerWorker.java:95)
at org.testng.TestNG.runSuitesSequentially(TestNG.java:1274)
at org.testng.TestNG.runSuitesLocally(TestNG.java:1208)
at org.testng.TestNG.runSuites(TestNG.java:1112)
at org.testng.TestNG.run(TestNG.java:1079)
at org.testng.remote.AbstractRemoteTestNG.run(AbstractRemoteTestNG.java:115)
at org.testng.remote.RemoteTestNG.initAndRun(RemoteTestNG.java:293)
at org.testng.remote.RemoteTestNG.main(RemoteTestNG.java:91)
]]>
            </full-stacktrace>
          </exception> <!-- org.openqa.selenium.UnsupportedCommandException -->
          <reporter-output>
          </reporter-output>
        </test-method> <!-- FlashCardMakerTest -->
        <test-method is-config="true" signature="teardown()[pri:0, instance:learningTools.QA.FlashCardMethodsTest@71e9ddb4]" started-at="2025-11-17T12:06:03 EET" name="teardown" finished-at="2025-11-17T12:06:03 EET" duration-ms="1" status="PASS">
          <reporter-output>
          </reporter-output>
        </test-method> <!-- teardown -->
      </class> <!-- learningTools.QA.FlashCardMethodsTest -->
    </test> <!-- Default test -->
  </suite> <!-- Default suite -->
</testng-results>
