<?xml version="1.0" encoding="UTF-8"?>
<!-- Generated by org.testng.reporters.JUnitReportReporter -->
<testsuite hostname="hima" failures="0" tests="1" name="learningTools.QA.SignUpTest" time="15.899" errors="1" timestamp="2025-11-16T16:00:33 EET" skipped="0">
  <testcase classname="learningTools.QA.SignUpTest" name="testUserCanSignUp" time="15.899">
    <error message="An element could not be located on the page using the given search parameters.
For documentation on this error, please visit: https://www.selenium.dev/documentation/webdriver/troubleshooting/errors#nosuchelementexception
Build info: version: &#039;4.38.0&#039;, revision: &#039;6b412e825c*&#039;
System info: os.name: &#039;Windows 11&#039;, os.arch: &#039;amd64&#039;, os.version: &#039;10.0&#039;, java.version: &#039;21.0.7&#039;
Driver info: io.appium.java_client.android.AndroidDriver
Command: [e4c5bfc1-a12d-4021-b107-9caa0124a631, findElement {using=id, value=com.varsitytutors.learningtools:id/terms_agree}]
Capabilities {appium:appActivity: com.varsitytutors.learningt..., appium:appPackage: com.varsitytutors.learningt..., appium:appWaitActivity: com.varsitytutors.learningt..., appium:appWaitForLaunch: false, appium:automationName: UiAutomator2, appium:databaseEnabled: false, appium:desired: {appActivity: com.varsitytutors.learningt..., appPackage: com.varsitytutors.learningt..., appWaitActivity: com.varsitytutors.learningt..., appWaitForLaunch: false, automationName: UiAutomator2, deviceName: Android, noReset: false, platformName: ANDROID, udid: 6963b4e0}, appium:deviceApiLevel: 30, appium:deviceManufacturer: Xiaomi, appium:deviceModel: M2101K7AI, appium:deviceName: 6963b4e0, appium:deviceScreenDensity: 440, appium:deviceScreenSize: 1080x2400, appium:deviceUDID: 6963b4e0, appium:javascriptEnabled: true, appium:locationContextEnabled: false, appium:networkConnectionEnabled: true, appium:noReset: false, appium:pixelRatio: 2.75, appium:platformVersion: 11, appium:statBarHeight: 93, appium:takesScreenshot: true, appium:udid: 6963b4e0, appium:viewportRect: {height: 2084, left: 0, top: 93, width: 1080}, appium:warnings: {}, appium:webStorageEnabled: false, platformName: ANDROID}
Session ID: e4c5bfc1-a12d-4021-b107-9caa0124a631" type="org.openqa.selenium.NoSuchElementException">
      <![CDATA[org.openqa.selenium.NoSuchElementException: An element could not be located on the page using the given search parameters.
For documentation on this error, please visit: https://www.selenium.dev/documentation/webdriver/troubleshooting/errors#nosuchelementexception
Build info: version: '4.38.0', revision: '6b412e825c*'
System info: os.name: 'Windows 11', os.arch: 'amd64', os.version: '10.0', java.version: '21.0.7'
Driver info: io.appium.java_client.android.AndroidDriver
Command: [e4c5bfc1-a12d-4021-b107-9caa0124a631, findElement {using=id, value=com.varsitytutors.learningtools:id/terms_agree}]
Capabilities {appium:appActivity: com.varsitytutors.learningt..., appium:appPackage: com.varsitytutors.learningt..., appium:appWaitActivity: com.varsitytutors.learningt..., appium:appWaitForLaunch: false, appium:automationName: UiAutomator2, appium:databaseEnabled: false, appium:desired: {appActivity: com.varsitytutors.learningt..., appPackage: com.varsitytutors.learningt..., appWaitActivity: com.varsitytutors.learningt..., appWaitForLaunch: false, automationName: UiAutomator2, deviceName: Android, noReset: false, platformName: ANDROID, udid: 6963b4e0}, appium:deviceApiLevel: 30, appium:deviceManufacturer: Xiaomi, appium:deviceModel: M2101K7AI, appium:deviceName: 6963b4e0, appium:deviceScreenDensity: 440, appium:deviceScreenSize: 1080x2400, appium:deviceUDID: 6963b4e0, appium:javascriptEnabled: true, appium:locationContextEnabled: false, appium:networkConnectionEnabled: true, appium:noReset: false, appium:pixelRatio: 2.75, appium:platformVersion: 11, appium:statBarHeight: 93, appium:takesScreenshot: true, appium:udid: 6963b4e0, appium:viewportRect: {height: 2084, left: 0, top: 93, width: 1080}, appium:warnings: {}, appium:webStorageEnabled: false, platformName: ANDROID}
Session ID: e4c5bfc1-a12d-4021-b107-9caa0124a631
at java.base/jdk.internal.reflect.DirectConstructorHandleAccessor.newInstance(DirectConstructorHandleAccessor.java:62)
at java.base/java.lang.reflect.Constructor.newInstanceWithCaller(Constructor.java:502)
at java.base/java.lang.reflect.Constructor.newInstance(Constructor.java:486)
at org.openqa.selenium.remote.ErrorCodec.decode(ErrorCodec.java:167)
at org.openqa.selenium.remote.codec.w3c.W3CHttpResponseCodec.decode(W3CHttpResponseCodec.java:138)
at org.openqa.selenium.remote.codec.w3c.W3CHttpResponseCodec.decode(W3CHttpResponseCodec.java:50)
at org.openqa.selenium.remote.HttpCommandExecutor.execute(HttpCommandExecutor.java:215)
at io.appium.java_client.remote.AppiumCommandExecutor.execute(AppiumCommandExecutor.java:243)
at org.openqa.selenium.remote.RemoteWebDriver.execute(RemoteWebDriver.java:557)
at org.openqa.selenium.remote.ElementLocation$ElementFinder$2.findElement(ElementLocation.java:165)
at org.openqa.selenium.remote.ElementLocation.findElement(ElementLocation.java:59)
at org.openqa.selenium.remote.RemoteWebDriver.findElement(RemoteWebDriver.java:380)
at org.openqa.selenium.remote.RemoteWebDriver.findElement(RemoteWebDriver.java:374)
at learningTools.QA.SignUpPage.getTermsCheckbox(SignUpPage.java:55)
at learningTools.QA.SignUpPage.checkTerms(SignUpPage.java:92)
at learningTools.QA.SignUpPage.signUp(SignUpPage.java:126)
at learningTools.QA.SignUpTest.testUserCanSignUp(SignUpTest.java:57)
at java.base/jdk.internal.reflect.DirectMethodHandleAccessor.invoke(DirectMethodHandleAccessor.java:103)
at java.base/java.lang.reflect.Method.invoke(Method.java:580)
at org.testng.internal.invokers.MethodInvocationHelper.invokeMethod(MethodInvocationHelper.java:141)
at org.testng.internal.invokers.TestInvoker.invokeMethod(TestInvoker.java:687)
at org.testng.internal.invokers.TestInvoker.invokeTestMethod(TestInvoker.java:230)
at org.testng.internal.invokers.MethodRunner.runInSequence(MethodRunner.java:63)
at org.testng.internal.invokers.TestInvoker$MethodInvocationAgent.invoke(TestInvoker.java:995)
at org.testng.internal.invokers.TestInvoker.invokeTestMethods(TestInvoker.java:203)
at org.testng.internal.invokers.TestMethodWorker.invokeTestMethods(TestMethodWorker.java:154)
at org.testng.internal.invokers.TestMethodWorker.run(TestMethodWorker.java:134)
at java.base/java.util.ArrayList.forEach(ArrayList.java:1596)
at org.testng.TestRunner.privateRun(TestRunner.java:741)
at org.testng.TestRunner.run(TestRunner.java:616)
at org.testng.SuiteRunner.runTest(SuiteRunner.java:421)
at org.testng.SuiteRunner.runSequentially(SuiteRunner.java:413)
at org.testng.SuiteRunner.privateRun(SuiteRunner.java:373)
at org.testng.SuiteRunner.run(SuiteRunner.java:312)
at org.testng.SuiteRunnerWorker.runSuite(SuiteRunnerWorker.java:52)
at org.testng.SuiteRunnerWorker.run(SuiteRunnerWorker.java:95)
at org.testng.TestNG.runSuitesSequentially(TestNG.java:1274)
at org.testng.TestNG.runSuitesLocally(TestNG.java:1208)
at org.testng.TestNG.runSuites(TestNG.java:1112)
at org.testng.TestNG.run(TestNG.java:1079)
at org.testng.remote.AbstractRemoteTestNG.run(AbstractRemoteTestNG.java:115)
at org.testng.remote.RemoteTestNG.initAndRun(RemoteTestNG.java:293)
at org.testng.remote.RemoteTestNG.main(RemoteTestNG.java:91)
]]>
    </error>
  </testcase> <!-- testUserCanSignUp -->
</testsuite> <!-- learningTools.QA.SignUpTest -->
