<?xml version="1.0" encoding="UTF-8"?>
<!-- Generated by org.testng.reporters.JUnitReportReporter -->
<testsuite hostname="hima" failures="0" tests="7" name="learningTools.QA.AuthAndProfileTests" time="65.797" errors="0" timestamp="2025-11-17T13:29:48 EET" skipped="0">
  <testcase classname="learningTools.QA.AuthAndProfileTests" name="SIGNUP_002_verifyAllFieldsMandatory" time="9.616"/>
  <testcase classname="learningTools.QA.AuthAndProfileTests" name="SIGNUP_003_invalidEmailFormat" time="7.057"/>
  <testcase classname="learningTools.QA.AuthAndProfileTests" name="SIGNUP_001_verifyUserCanCreateAccountWithValidData" time="21.395"/>
  <testcase classname="learningTools.QA.AuthAndProfileTests" name="SIGNUP_004_weakPasswordValidation" time="8.351"/>
  <testcase classname="learningTools.QA.AuthAndProfileTests" name="SIGNUP_006_existingEmailError" time="9.725"/>
  <testcase classname="learningTools.QA.AuthAndProfileTests" name="SIGNUP_005_termsCheckboxRequired" time="9.499"/>
  <testcase classname="learningTools.QA.AuthAndProfileTests" name="SIGNUP_007_navigateSignupToLogin" time="0.154"/>
</testsuite> <!-- learningTools.QA.AuthAndProfileTests -->
