<?xml version="1.0" encoding="UTF-8"?>
<!-- Generated by org.testng.reporters.JUnitReportReporter -->
<testsuite hostname="hima" failures="0" tests="2" name="learningTools.QA.signInTests" time="10.664" errors="0" timestamp="2025-11-16T23:38:51 EET" skipped="1">
  <testcase classname="learningTools.QA.signInTests" name="LOGIN_010_incorrectPassword" time="10.664"/>
  <testcase classname="learningTools.QA.signInTests" name="sihhhh">
    <skipped/>
  </testcase> <!-- sihhhh -->
</testsuite> <!-- learningTools.QA.signInTests -->
